\BOOKMARK [1][-]{section.1}{Background and Design}{}% 1
\BOOKMARK [2][-]{subsection.1.1}{What the Project is about}{section.1}% 2
\BOOKMARK [2][-]{subsection.1.2}{Background}{section.1}% 3
\BOOKMARK [3][-]{subsubsection.1.2.1}{SLAM - Simultaneous Localization And Mapping}{subsection.1.2}% 4
\BOOKMARK [3][-]{subsubsection.1.2.2}{Deployment}{subsection.1.2}% 5
\BOOKMARK [3][-]{subsubsection.1.2.3}{Communication}{subsection.1.2}% 6
\BOOKMARK [2][-]{subsection.1.3}{Design}{section.1}% 7
\BOOKMARK [3][-]{subsubsection.1.3.1}{Environment Design}{subsection.1.3}% 8
\BOOKMARK [3][-]{subsubsection.1.3.2}{Mapping and Swarm Size}{subsection.1.3}% 9
\BOOKMARK [3][-]{subsubsection.1.3.3}{Deployment}{subsection.1.3}% 10
\BOOKMARK [1][-]{section.2}{Early Development}{}% 11
\BOOKMARK [2][-]{subsection.2.1}{Webots Tutorials}{section.2}% 12
\BOOKMARK [2][-]{subsection.2.2}{First Program Iterations}{section.2}% 13
\BOOKMARK [1][-]{section.3}{Mid stage Development}{}% 14
\BOOKMARK [2][-]{subsection.3.1}{Advanced tutorials}{section.3}% 15
\BOOKMARK [2][-]{subsection.3.2}{Movement}{section.3}% 16
\BOOKMARK [3][-]{subsubsection.3.2.1}{Computation of Odometry data}{subsection.3.2}% 17
\BOOKMARK [3][-]{subsubsection.3.2.2}{Moving Forward}{subsection.3.2}% 18
\BOOKMARK [3][-]{subsubsection.3.2.3}{Turn a given angle}{subsection.3.2}% 19
\BOOKMARK [2][-]{subsection.3.3}{Localisation using Odometry}{section.3}% 20
\BOOKMARK [3][-]{subsubsection.3.3.1}{Initialising the Odometry algorithms}{subsection.3.3}% 21
\BOOKMARK [3][-]{subsubsection.3.3.2}{Updating the Odometry values}{subsection.3.3}% 22
